<?xml version="1.0" encoding="utf-8"?><testsuites name="pytest tests"><testsuite name="pytest" errors="0" failures="4" skipped="0" tests="30" time="76.927" timestamp="2026-09-22T02:21:31.754644+05:30" hostname="LAPTOP-VD9RGA0N"><testcase classname="tests.test_dashboard_interactions" name="test_hr_dashboard_has_position_workflow" time="0.003" /><testcase classname="tests.test_dashboard_interactions" name="test_interviewer_dashboard_has_feedback_workflow" time="0.002" /><testcase classname="tests.test_dashboard_interactions" name="test_hiring_manager_dashboard_has_decision_flow" time="0.002" /><testcase classname="tests.test_dashboard_interactions" name="test_management_dashboard_has_export_workflow" time="0.002" /><testcase classname="tests.test_dashboard_routes" name="test_all_dashboard_routes_redirect_to_login_when_not_authenticated[hr_recruiter-dashboards/hr-dashboard.html-expected_labels0]" time="3.811" /><testcase classname="tests.test_dashboard_routes" name="test_all_dashboard_routes_redirect_to_login_when_not_authenticated[interviewer-dashboards/interviewer-dashboard.html-expected_labels1]" time="0.103" /><testcase classname="tests.test_dashboard_routes" name="test_all_dashboard_routes_redirect_to_login_when_not_authenticated[hiring_manager-dashboards/hiring-manager-dashboard.html-expected_labels2]" time="0.104" /><testcase classname="tests.test_dashboard_routes" name="test_all_dashboard_routes_redirect_to_login_when_not_authenticated[management-dashboards/management-dashboard.html-expected_labels3]" time="0.262" /><testcase classname="tests.test_dashboard_routes" name="test_dashboard_files_define_expected_sections[hr_recruiter-dashboards/hr-dashboard.html-expected_labels0]" time="0.005" /><testcase classname="tests.test_dashboard_routes" name="test_dashboard_files_define_expected_sections[interviewer-dashboards/interviewer-dashboard.html-expected_labels1]" time="0.004" /><testcase classname="tests.test_dashboard_routes" name="test_dashboard_files_define_expected_sections[hiring_manager-dashboards/hiring-manager-dashboard.html-expected_labels2]" time="0.003" /><testcase classname="tests.test_dashboard_routes" name="test_dashboard_files_define_expected_sections[management-dashboards/management-dashboard.html-expected_labels3]" time="0.002" /><testcase classname="tests.test_homepage" name="test_login_page_loads" time="1.796" /><testcase classname="tests.test_homepage" name="test_login_form_requires_email_and_password" time="0.320" /><testcase classname="tests.test_homepage" name="test_login_page_has_expected_branding" time="0.148" /><testcase classname="tests.test_homepage" name="test_all_dashboard_routes_redirect_to_login_when_not_authenticated[hr_recruiter-dashboards/hr-dashboard.html-expected_labels0]" time="0.180" /><testcase classname="tests.test_homepage" name="test_all_dashboard_routes_redirect_to_login_when_not_authenticated[interviewer-dashboards/interviewer-dashboard.html-expected_labels1]" time="0.094" /><testcase classname="tests.test_homepage" name="test_all_dashboard_routes_redirect_to_login_when_not_authenticated[hiring_manager-dashboards/hiring-manager-dashboard.html-expected_labels2]" time="0.086" /><testcase classname="tests.test_homepage" name="test_all_dashboard_routes_redirect_to_login_when_not_authenticated[management-dashboards/management-dashboard.html-expected_labels3]" time="0.233" /><testcase classname="tests.test_homepage" name="test_dashboard_files_define_expected_sections[hr_recruiter-dashboards/hr-dashboard.html-expected_labels0]" time="0.004" /><testcase classname="tests.test_homepage" name="test_dashboard_files_define_expected_sections[interviewer-dashboards/interviewer-dashboard.html-expected_labels1]" time="0.002" /><testcase classname="tests.test_homepage" name="test_dashboard_files_define_expected_sections[hiring_manager-dashboards/hiring-manager-dashboard.html-expected_labels2]" time="0.002" /><testcase classname="tests.test_homepage" name="test_dashboard_files_define_expected_sections[management-dashboards/management-dashboard.html-expected_labels3]" time="2.450" /><testcase classname="tests.test_login" name="test_login_page_loads" time="0.202" /><testcase classname="tests.test_login" name="test_login_form_requires_email_and_password" time="0.268" /><testcase classname="tests.test_login" name="test_login_page_has_expected_branding" time="0.137" /><testcase classname="tests.test_role_redirects" name="test_hr_recruiter_login_redirects_to_hr_dashboard" time="15.708"><failure message="selenium.common.exceptions.TimeoutException: Message:">live_server = 'http://127.0.0.1:58887'
driver = &lt;selenium.webdriver.chrome.webdriver.WebDriver (session="07109c2b1e1f71ad2b1ad47db9a62fa3")&gt;

    def test_hr_recruiter_login_redirects_to_hr_dashboard(live_server, driver):
        driver.get(f"{live_server}/index.html")
        wait = WebDriverWait(driver, 15)
    
        driver.execute_script(
            """
            window.supabaseClient = {
              auth: {
                getSession: async () =&gt; ({ data: { session: null } }),
                signInWithPassword: async ({ email, password }) =&gt; ({
                  data: { user: { id: 'user-123', email } },
                  error: null,
                }),
                signOut: async () =&gt; ({ error: null }),
              },
              from: (table) =&gt; ({
                select: (field) =&gt; ({
                  eq: (column, value) =&gt; ({
                    single: async () =&gt; {
                      if (table === 'user_roles') {
                        return { data: { role_id: 1 }, error: null };
                      }
                      if (table === 'roles') {
                        return { data: { role_name: 'hr_recruiter' }, error: null };
                      }
                      return { data: null, error: null };
                    }
                  })
                })
              })
            };
            """
        )
    
        wait.until(EC.presence_of_element_located((By.ID, "loginForm")))
        driver.find_element(By.ID, "email").clear()
        driver.find_element(By.ID, "email").send_keys("hr@example.com")
        driver.find_element(By.ID, "password").clear()
        driver.find_element(By.ID, "password").send_keys("Password123!")
        driver.find_element(By.ID, "loginBtn").click()
    
&gt;       WebDriverWait(driver, 15).until(
            lambda d: d.current_url.endswith("dashboards/hr-dashboard.html")
        )

tests\test_role_redirects.py:47: 
_ _ _ _ _ _ _ _ _ _ _ _ _ _ _ _ _ _ _ _ _ _ _ _ _ _ _ _ _ _ _ _ _ _ _ _ _ _ _ _ _ _ _ _ _ _ _

self = &lt;selenium.webdriver.support.wait.WebDriverWait (session="07109c2b1e1f71ad2b1ad47db9a62fa3")&gt;
method = &lt;function test_hr_recruiter_login_redirects_to_hr_dashboard.&lt;locals&gt;.&lt;lambda&gt; at 0x000002244FDA37F0&gt;
message = ''

    def until(self, method: Callable[[D], Literal[False] | T], message: str = "") -&gt; T:
        """Wait until the method returns a value that is not False.
    
        Calls the method provided with the driver as an argument until the
        return value does not evaluate to ``False``.
    
        Args:
            method: A callable object that takes a WebDriver instance as an
                argument.
            message: Optional message for TimeoutException.
    
        Returns:
            The result of the last call to `method`.
    
        Raises:
            TimeoutException: If 'method' does not return a truthy value within
                the WebDriverWait object's timeout.
    
        Example:
            &gt;&gt;&gt; from selenium.webdriver.common.by import By
            &gt;&gt;&gt; from selenium.webdriver.support.wait import WebDriverWait
            &gt;&gt;&gt; from selenium.webdriver.support import expected_conditions as EC
            &gt;&gt;&gt;
            &gt;&gt;&gt; # Wait until an element is visible on the page
            &gt;&gt;&gt; wait = WebDriverWait(driver, 10)
            &gt;&gt;&gt; element = wait.until(EC.visibility_of_element_located((By.ID, "exampleId")))
            &gt;&gt;&gt; print(element.text)
        """
        screen = None
        stacktrace = None
    
        end_time = time.monotonic() + self._timeout
        while True:
            try:
                value = method(self._driver)
                if value:
                    return value
            except self._ignored_exceptions as exc:
                screen = getattr(exc, "screen", None)
                stacktrace = getattr(exc, "stacktrace", None)
            if time.monotonic() &gt; end_time:
                break
            time.sleep(self._poll)
&gt;       raise TimeoutException(message, screen, stacktrace)
E       selenium.common.exceptions.TimeoutException: Message:

..\..\..\AppData\Roaming\Python\Python314\site-packages\selenium\webdriver\support\wait.py:121: TimeoutException</failure></testcase><testcase classname="tests.test_role_redirects" name="test_interviewer_login_redirects_to_interviewer_dashboard" time="15.679"><failure message="selenium.common.exceptions.TimeoutException: Message:">live_server = 'http://127.0.0.1:58887'
driver = &lt;selenium.webdriver.chrome.webdriver.WebDriver (session="07109c2b1e1f71ad2b1ad47db9a62fa3")&gt;

    def test_interviewer_login_redirects_to_interviewer_dashboard(live_server, driver):
        driver.get(f"{live_server}/index.html")
        wait = WebDriverWait(driver, 15)
    
        driver.execute_script(
            """
            window.supabaseClient = {
              auth: {
                getSession: async () =&gt; ({ data: { session: null } }),
                signInWithPassword: async ({ email, password }) =&gt; ({
                  data: { user: { id: 'interviewer-789', email } },
                  error: null,
                }),
                signOut: async () =&gt; ({ error: null }),
              },
              from: (table) =&gt; ({
                select: (field) =&gt; ({
                  eq: (column, value) =&gt; ({
                    single: async () =&gt; {
                      if (table === 'user_roles') {
                        return { data: { role_id: 2 }, error: null };
                      }
                      if (table === 'roles') {
                        return { data: { role_name: 'interviewer' }, error: null };
                      }
                      return { data: null, error: null };
                    }
                  })
                })
              })
            };
            """
        )
    
        wait.until(EC.presence_of_element_located((By.ID, "loginForm")))
        driver.find_element(By.ID, "email").clear()
        driver.find_element(By.ID, "email").send_keys("interviewer@example.com")
        driver.find_element(By.ID, "password").clear()
        driver.find_element(By.ID, "password").send_keys("Password123!")
        driver.find_element(By.ID, "loginBtn").click()
    
&gt;       WebDriverWait(driver, 15).until(
            lambda d: d.current_url.endswith("dashboards/interviewer-dashboard.html")
        )

tests\test_role_redirects.py:96: 
_ _ _ _ _ _ _ _ _ _ _ _ _ _ _ _ _ _ _ _ _ _ _ _ _ _ _ _ _ _ _ _ _ _ _ _ _ _ _ _ _ _ _ _ _ _ _

self = &lt;selenium.webdriver.support.wait.WebDriverWait (session="07109c2b1e1f71ad2b1ad47db9a62fa3")&gt;
method = &lt;function test_interviewer_login_redirects_to_interviewer_dashboard.&lt;locals&gt;.&lt;lambda&gt; at 0x000002244FDA3CC0&gt;
message = ''

    def until(self, method: Callable[[D], Literal[False] | T], message: str = "") -&gt; T:
        """Wait until the method returns a value that is not False.
    
        Calls the method provided with the driver as an argument until the
        return value does not evaluate to ``False``.
    
        Args:
            method: A callable object that takes a WebDriver instance as an
                argument.
            message: Optional message for TimeoutException.
    
        Returns:
            The result of the last call to `method`.
    
        Raises:
            TimeoutException: If 'method' does not return a truthy value within
                the WebDriverWait object's timeout.
    
        Example:
            &gt;&gt;&gt; from selenium.webdriver.common.by import By
            &gt;&gt;&gt; from selenium.webdriver.support.wait import WebDriverWait
            &gt;&gt;&gt; from selenium.webdriver.support import expected_conditions as EC
            &gt;&gt;&gt;
            &gt;&gt;&gt; # Wait until an element is visible on the page
            &gt;&gt;&gt; wait = WebDriverWait(driver, 10)
            &gt;&gt;&gt; element = wait.until(EC.visibility_of_element_located((By.ID, "exampleId")))
            &gt;&gt;&gt; print(element.text)
        """
        screen = None
        stacktrace = None
    
        end_time = time.monotonic() + self._timeout
        while True:
            try:
                value = method(self._driver)
                if value:
                    return value
            except self._ignored_exceptions as exc:
                screen = getattr(exc, "screen", None)
                stacktrace = getattr(exc, "stacktrace", None)
            if time.monotonic() &gt; end_time:
                break
            time.sleep(self._poll)
&gt;       raise TimeoutException(message, screen, stacktrace)
E       selenium.common.exceptions.TimeoutException: Message:

..\..\..\AppData\Roaming\Python\Python314\site-packages\selenium\webdriver\support\wait.py:121: TimeoutException</failure></testcase><testcase classname="tests.test_role_redirects" name="test_hiring_manager_login_redirects_to_hiring_manager_dashboard" time="15.674"><failure message="selenium.common.exceptions.TimeoutException: Message:">live_server = 'http://127.0.0.1:58887'
driver = &lt;selenium.webdriver.chrome.webdriver.WebDriver (session="07109c2b1e1f71ad2b1ad47db9a62fa3")&gt;

    def test_hiring_manager_login_redirects_to_hiring_manager_dashboard(live_server, driver):
        driver.get(f"{live_server}/index.html")
        wait = WebDriverWait(driver, 15)
    
        driver.execute_script(
            """
            window.supabaseClient = {
              auth: {
                getSession: async () =&gt; ({ data: { session: null } }),
                signInWithPassword: async ({ email, password }) =&gt; ({
                  data: { user: { id: 'manager-456', email } },
                  error: null,
                }),
                signOut: async () =&gt; ({ error: null }),
              },
              from: (table) =&gt; ({
                select: (field) =&gt; ({
                  eq: (column, value) =&gt; ({
                    single: async () =&gt; {
                      if (table === 'user_roles') {
                        return { data: { role_id: 3 }, error: null };
                      }
                      if (table === 'roles') {
                        return { data: { role_name: 'hiring_manager' }, error: null };
                      }
                      return { data: null, error: null };
                    }
                  })
                })
              })
            };
            """
        )
    
        wait.until(EC.presence_of_element_located((By.ID, "loginForm")))
        driver.find_element(By.ID, "email").clear()
        driver.find_element(By.ID, "email").send_keys("hiringmanager@example.com")
        driver.find_element(By.ID, "password").clear()
        driver.find_element(By.ID, "password").send_keys("Password123!")
        driver.find_element(By.ID, "loginBtn").click()
    
&gt;       WebDriverWait(driver, 15).until(
            lambda d: d.current_url.endswith("dashboards/hiring-manager-dashboard.html")
        )

tests\test_role_redirects.py:145: 
_ _ _ _ _ _ _ _ _ _ _ _ _ _ _ _ _ _ _ _ _ _ _ _ _ _ _ _ _ _ _ _ _ _ _ _ _ _ _ _ _ _ _ _ _ _ _

self = &lt;selenium.webdriver.support.wait.WebDriverWait (session="07109c2b1e1f71ad2b1ad47db9a62fa3")&gt;
method = &lt;function test_hiring_manager_login_redirects_to_hiring_manager_dashboard.&lt;locals&gt;.&lt;lambda&gt; at 0x000002244FE64460&gt;
message = ''

    def until(self, method: Callable[[D], Literal[False] | T], message: str = "") -&gt; T:
        """Wait until the method returns a value that is not False.
    
        Calls the method provided with the driver as an argument until the
        return value does not evaluate to ``False``.
    
        Args:
            method: A callable object that takes a WebDriver instance as an
                argument.
            message: Optional message for TimeoutException.
    
        Returns:
            The result of the last call to `method`.
    
        Raises:
            TimeoutException: If 'method' does not return a truthy value within
                the WebDriverWait object's timeout.
    
        Example:
            &gt;&gt;&gt; from selenium.webdriver.common.by import By
            &gt;&gt;&gt; from selenium.webdriver.support.wait import WebDriverWait
            &gt;&gt;&gt; from selenium.webdriver.support import expected_conditions as EC
            &gt;&gt;&gt;
            &gt;&gt;&gt; # Wait until an element is visible on the page
            &gt;&gt;&gt; wait = WebDriverWait(driver, 10)
            &gt;&gt;&gt; element = wait.until(EC.visibility_of_element_located((By.ID, "exampleId")))
            &gt;&gt;&gt; print(element.text)
        """
        screen = None
        stacktrace = None
    
        end_time = time.monotonic() + self._timeout
        while True:
            try:
                value = method(self._driver)
                if value:
                    return value
            except self._ignored_exceptions as exc:
                screen = getattr(exc, "screen", None)
                stacktrace = getattr(exc, "stacktrace", None)
            if time.monotonic() &gt; end_time:
                break
            time.sleep(self._poll)
&gt;       raise TimeoutException(message, screen, stacktrace)
E       selenium.common.exceptions.TimeoutException: Message:

..\..\..\AppData\Roaming\Python\Python314\site-packages\selenium\webdriver\support\wait.py:121: TimeoutException</failure></testcase><testcase classname="tests.test_role_redirects" name="test_management_login_redirects_to_management_dashboard" time="18.700"><failure message="selenium.common.exceptions.TimeoutException: Message:">live_server = 'http://127.0.0.1:58887'
driver = &lt;selenium.webdriver.chrome.webdriver.WebDriver (session="07109c2b1e1f71ad2b1ad47db9a62fa3")&gt;

    def test_management_login_redirects_to_management_dashboard(live_server, driver):
        driver.get(f"{live_server}/index.html")
        wait = WebDriverWait(driver, 15)
    
        driver.execute_script(
            """
            window.supabaseClient = {
              auth: {
                getSession: async () =&gt; ({ data: { session: null } }),
                signInWithPassword: async ({ email, password }) =&gt; ({
                  data: { user: { id: 'manager-456', email } },
                  error: null,
                }),
                signOut: async () =&gt; ({ error: null }),
              },
              from: (table) =&gt; ({
                select: (field) =&gt; ({
                  eq: (column, value) =&gt; ({
                    single: async () =&gt; {
                      if (table === 'user_roles') {
                        return { data: { role_id: 4 }, error: null };
                      }
                      if (table === 'roles') {
                        return { data: { role_name: 'management' }, error: null };
                      }
                      return { data: null, error: null };
                    }
                  })
                })
              })
            };
            """
        )
    
        wait.until(EC.presence_of_element_located((By.ID, "loginForm")))
        driver.find_element(By.ID, "email").clear()
        driver.find_element(By.ID, "email").send_keys("management@example.com")
        driver.find_element(By.ID, "password").clear()
        driver.find_element(By.ID, "password").send_keys("Password123!")
        driver.find_element(By.ID, "loginBtn").click()
    
&gt;       WebDriverWait(driver, 15).until(
            lambda d: d.current_url.endswith("dashboards/management-dashboard.html")
        )

tests\test_role_redirects.py:194: 
_ _ _ _ _ _ _ _ _ _ _ _ _ _ _ _ _ _ _ _ _ _ _ _ _ _ _ _ _ _ _ _ _ _ _ _ _ _ _ _ _ _ _ _ _ _ _

self = &lt;selenium.webdriver.support.wait.WebDriverWait (session="07109c2b1e1f71ad2b1ad47db9a62fa3")&gt;
method = &lt;function test_management_login_redirects_to_management_dashboard.&lt;locals&gt;.&lt;lambda&gt; at 0x000002244FE64930&gt;
message = ''

    def until(self, method: Callable[[D], Literal[False] | T], message: str = "") -&gt; T:
        """Wait until the method returns a value that is not False.
    
        Calls the method provided with the driver as an argument until the
        return value does not evaluate to ``False``.
    
        Args:
            method: A callable object that takes a WebDriver instance as an
                argument.
            message: Optional message for TimeoutException.
    
        Returns:
            The result of the last call to `method`.
    
        Raises:
            TimeoutException: If 'method' does not return a truthy value within
                the WebDriverWait object's timeout.
    
        Example:
            &gt;&gt;&gt; from selenium.webdriver.common.by import By
            &gt;&gt;&gt; from selenium.webdriver.support.wait import WebDriverWait
            &gt;&gt;&gt; from selenium.webdriver.support import expected_conditions as EC
            &gt;&gt;&gt;
            &gt;&gt;&gt; # Wait until an element is visible on the page
            &gt;&gt;&gt; wait = WebDriverWait(driver, 10)
            &gt;&gt;&gt; element = wait.until(EC.visibility_of_element_located((By.ID, "exampleId")))
            &gt;&gt;&gt; print(element.text)
        """
        screen = None
        stacktrace = None
    
        end_time = time.monotonic() + self._timeout
        while True:
            try:
                value = method(self._driver)
                if value:
                    return value
            except self._ignored_exceptions as exc:
                screen = getattr(exc, "screen", None)
                stacktrace = getattr(exc, "stacktrace", None)
            if time.monotonic() &gt; end_time:
                break
            time.sleep(self._poll)
&gt;       raise TimeoutException(message, screen, stacktrace)
E       selenium.common.exceptions.TimeoutException: Message:

..\..\..\AppData\Roaming\Python\Python314\site-packages\selenium\webdriver\support\wait.py:121: TimeoutException</failure></testcase></testsuite></testsuites>